0 info it worked if it ends with ok
1 verbose cli [ '/Users/sergiocruz/.nvm/versions/node/v4.2.0/bin/node',
1 verbose cli   '/Users/sergiocruz/.nvm/versions/node/v4.2.0/bin/npm',
1 verbose cli   'start' ]
2 info using npm@2.14.7
3 info using node@v4.2.0
4 verbose run-script [ 'prestart', 'start', 'poststart' ]
5 info prestart twitter-money-happy@0.0.1
6 info start twitter-money-happy@0.0.1
7 verbose unsafe-perm in lifecycle true
8 info twitter-money-happy@0.0.1 Failed to exec start script
9 verbose stack Error: twitter-money-happy@0.0.1 start: `gulp watch`
9 verbose stack Exit status 1
9 verbose stack     at EventEmitter.<anonymous> (/Users/sergiocruz/.nvm/versions/node/v4.2.0/lib/node_modules/npm/lib/utils/lifecycle.js:214:16)
9 verbose stack     at emitTwo (events.js:87:13)
9 verbose stack     at EventEmitter.emit (events.js:172:7)
9 verbose stack     at ChildProcess.<anonymous> (/Users/sergiocruz/.nvm/versions/node/v4.2.0/lib/node_modules/npm/lib/utils/spawn.js:24:14)
9 verbose stack     at emitTwo (events.js:87:13)
9 verbose stack     at ChildProcess.emit (events.js:172:7)
9 verbose stack     at maybeClose (internal/child_process.js:818:16)
9 verbose stack     at Process.ChildProcess._handle.onexit (internal/child_process.js:211:5)
10 verbose pkgid twitter-money-happy@0.0.1
11 verbose cwd /Users/sergiocruz/Sites/playground/twitter-money-happy/client
12 error Darwin 15.3.0
13 error argv "/Users/sergiocruz/.nvm/versions/node/v4.2.0/bin/node" "/Users/sergiocruz/.nvm/versions/node/v4.2.0/bin/npm" "start"
14 error node v4.2.0
15 error npm  v2.14.7
16 error code ELIFECYCLE
17 error twitter-money-happy@0.0.1 start: `gulp watch`
17 error Exit status 1
18 error Failed at the twitter-money-happy@0.0.1 start script 'gulp watch'.
18 error This is most likely a problem with the twitter-money-happy package,
18 error not with npm itself.
18 error Tell the author that this fails on your system:
18 error     gulp watch
18 error You can get their info via:
18 error     npm owner ls twitter-money-happy
18 error There is likely additional logging output above.
19 verbose exit [ 1, true ]
